<?xml version="1.0" encoding="UTF-8"?>
<testng-results skipped="0" failed="0" ignored="0" total="1" passed="1">
  <reporter-output>
  </reporter-output>
  <suite name="Default suite" duration-ms="71667" started-at="2021-07-20T11:10:34 IST" finished-at="2021-07-20T11:11:45 IST">
    <groups>
    </groups>
    <test name="Default test" duration-ms="71667" started-at="2021-07-20T11:10:34 IST" finished-at="2021-07-20T11:11:45 IST">
      <class name="scripts.AvercastTest">
        <test-method status="PASS" signature="setup()[pri:0, instance:scripts.AvercastTest@32709393]" name="setup" is-config="true" duration-ms="3585" started-at="2021-07-20T11:10:34 IST" finished-at="2021-07-20T11:10:37 IST">
          <reporter-output>
          </reporter-output>
        </test-method> <!-- setup -->
        <test-method status="PASS" signature="AvercastTest()[pri:0, instance:scripts.AvercastTest@32709393]" name="AvercastTest" duration-ms="68030" started-at="2021-07-20T11:10:37 IST" finished-at="2021-07-20T11:11:45 IST">
          <reporter-output>
          </reporter-output>
        </test-method> <!-- AvercastTest -->
        <test-method status="PASS" signature="closebrowser()[pri:0, instance:scripts.AvercastTest@32709393]" name="closebrowser" is-config="true" duration-ms="0" started-at="2021-07-20T11:11:45 IST" finished-at="2021-07-20T11:11:45 IST">
          <reporter-output>
          </reporter-output>
        </test-method> <!-- closebrowser -->
      </class> <!-- scripts.AvercastTest -->
    </test> <!-- Default test -->
  </suite> <!-- Default suite -->
</testng-results>
